ui/build/intermediates/manifest_merge_blame_file/debug/manifest-merger-blame-debug-report.txt
1<?xml version="1.0" encoding="utf-8"?>
2<manifest xmlns:android="http://schemas.android.com/apk/res/android"
3    package="com.google.android.exoplayer2.ui" >
4
5    <uses-sdk
6        android:minSdkVersion="16"
6-->src\main\AndroidManifest.xml
7        android:targetSdkVersion="30" />
7-->src\main\AndroidManifest.xml
8
9    <application>
9-->src\main\AndroidManifest.xml:5:5-9:19
10        <activity
10-->src\main\AndroidManifest.xml:6:9-8:25
11            android:name="com.google.android.exoplayer2.ui.LandScapeActivity"
11-->src\main\AndroidManifest.xml:6:19-52
12            android:theme="@android:style/Theme.NoTitleBar.Fullscreen" />
12-->src\main\AndroidManifest.xml:7:13-71
13    </application>
14
15</manifest>